[info] run directory: runs_swin\swin_mpc100_ep20_lr0300_wd0100_as1
[info] model: swin_tiny_patch4_window7_224
[info] epochs: 20, lr: 0.0003, weight_decay: 0.01, accum_steps: 1
[info] saved split_composition.json
ep 01 | train acc 0.519 loss 1.546 | val acc 0.672 loss 0.974 
ep 02 | train acc 0.743 loss 0.776 | val acc 0.730 loss 0.853 
ep 03 | train acc 0.798 loss 0.634 | val acc 0.733 loss 0.846 
ep 04 | train acc 0.810 loss 0.577 | val acc 0.790 loss 0.696 
ep 05 | train acc 0.860 loss 0.419 | val acc 0.788 loss 0.721 
ep 06 | train acc 0.873 loss 0.361 | val acc 0.788 loss 0.710 
ep 07 | train acc 0.896 loss 0.293 | val acc 0.793 loss 0.764 
ep 08 | train acc 0.905 loss 0.260 | val acc 0.827 loss 0.701 
ep 09 | train acc 0.917 loss 0.251 | val acc 0.800 loss 0.792 
ep 10 | train acc 0.939 loss 0.173 | val acc 0.819 loss 0.758 
ep 11 | train acc 0.952 loss 0.134 | val acc 0.865 loss 0.620 
ep 12 | train acc 0.964 loss 0.114 | val acc 0.829 loss 0.755 
ep 13 | train acc 0.980 loss 0.063 | val acc 0.843 loss 0.686 
ep 14 | train acc 0.976 loss 0.068 | val acc 0.855 loss 0.687 
ep 15 | train acc 0.974 loss 0.066 | val acc 0.841 loss 0.675 
ep 16 | train acc 0.985 loss 0.041 | val acc 0.841 loss 0.668 
ep 17 | train acc 0.985 loss 0.040 | val acc 0.836 loss 0.681 
ep 18 | train acc 0.986 loss 0.039 | val acc 0.853 loss 0.676 
ep 19 | train acc 0.990 loss 0.031 | val acc 0.853 loss 0.669 
ep 20 | train acc 0.988 loss 0.036 | val acc 0.848 loss 0.670 
[info] saved curves.png, metrics.csv, run_config.json

Validation report:
              precision    recall  f1-score   support

        BCNH      0.947     0.900     0.923        20
        BLSK      0.952     1.000     0.976        20
        BRPE      1.000     0.900     0.947        20
       BRPEC      1.000     0.950     0.974        20
        CAEG      1.000     0.950     0.974        20
        GBHE      0.792     0.950     0.864        20
        GREG      0.722     0.650     0.684        20
        LAGU      0.864     0.950     0.905        20
       MEGRT      0.600     0.750     0.667        20
        MTRN      0.846     0.550     0.667        20
      OTHERS      0.762     0.889     0.821        18
        OTHR      0.900     0.900     0.900        20
        REEG      0.905     0.950     0.927        20
      REEGWM      0.857     0.900     0.878        20
        ROSP      1.000     0.900     0.947        20
        ROTE      0.739     0.850     0.791        20
        SATE      0.783     0.900     0.837        20
        SNEG      0.765     0.765     0.765        17
        TRHE      1.000     0.850     0.919        20
        WHIB      0.933     0.700     0.800        20
       WHIBC      0.952     1.000     0.976        20

    accuracy                          0.865       415
   macro avg      0.872     0.864     0.864       415
weighted avg      0.874     0.865     0.865       415

Validation report macro-F1: 0.864
Validation report mAP (macro, one-vs-rest): 0.909

Test report:
              precision    recall  f1-score   support

        BCNH      0.941     0.800     0.865        20
        BLSK      1.000     1.000     1.000        20
        BRPE      1.000     0.950     0.974        20
       BRPEC      1.000     0.900     0.947        20
        CAEG      0.864     0.950     0.905        20
        GBHE      0.818     0.900     0.857        20
        GREG      0.842     0.800     0.821        20
        LAGU      0.818     0.900     0.857        20
       MEGRT      0.625     0.750     0.682        20
        MTRN      0.917     0.550     0.688        20
      OTHERS      0.789     0.750     0.769        20
        OTHR      0.773     0.850     0.810        20
        REEG      0.833     1.000     0.909        20
      REEGWM      0.833     0.750     0.789        20
        ROSP      0.938     0.750     0.833        20
        ROTE      0.769     1.000     0.870        20
        SATE      0.857     0.900     0.878        20
        SNEG      0.864     0.950     0.905        20
        TRHE      0.905     0.950     0.927        20
        WHIB      0.750     0.600     0.667        20
       WHIBC      0.900     0.900     0.900        10

    accuracy                          0.851       410
   macro avg      0.859     0.852     0.850       410
weighted avg      0.858     0.851     0.849       410

Test report macro-F1: 0.850
Test report mAP (macro, one-vs-rest): 0.887
[info] saved cm_val.png, cm_test.png, val_test_cms.png, *_ap_per_class.json, summary.json
[time] TOTAL script wall time: 0:02:47.427343
