[info] run directory: runs_swin\swin_mpc50_ep10_lr0300_wd0300_as1
[info] model: swin_tiny_patch4_window7_224
[info] epochs: 10, lr: 0.0003, weight_decay: 0.03, accum_steps: 1
[info] saved split_composition.json
ep 01 | train acc 0.223 loss 2.529 | val acc 0.319 loss 2.135 
ep 02 | train acc 0.514 loss 1.570 | val acc 0.595 loss 1.328 
ep 03 | train acc 0.614 loss 1.149 | val acc 0.614 loss 1.149 
ep 04 | train acc 0.769 loss 0.721 | val acc 0.600 loss 1.365 
ep 05 | train acc 0.790 loss 0.600 | val acc 0.714 loss 0.928 
ep 06 | train acc 0.857 loss 0.439 | val acc 0.724 loss 0.927 
ep 07 | train acc 0.890 loss 0.352 | val acc 0.752 loss 0.797 
ep 08 | train acc 0.930 loss 0.215 | val acc 0.771 loss 0.756 
ep 09 | train acc 0.939 loss 0.161 | val acc 0.776 loss 0.772 
ep 10 | train acc 0.955 loss 0.145 | val acc 0.786 loss 0.760 
[info] saved curves.png, metrics.csv, run_config.json

Validation report:
              precision    recall  f1-score   support

        BCNH      1.000     0.900     0.947        10
        BLSK      1.000     1.000     1.000        10
        BRPE      1.000     0.900     0.947        10
       BRPEC      1.000     0.800     0.889        10
        CAEG      0.769     1.000     0.870        10
        GBHE      0.692     0.900     0.783        10
        GREG      0.556     0.500     0.526        10
        LAGU      0.727     0.800     0.762        10
       MEGRT      0.700     0.700     0.700        10
        MTRN      1.000     0.400     0.571        10
      OTHERS      0.667     0.400     0.500        10
        OTHR      0.800     0.800     0.800        10
        REEG      0.889     0.800     0.842        10
      REEGWM      0.909     1.000     0.952        10
        ROSP      1.000     0.900     0.947        10
        ROTE      0.700     0.700     0.700        10
        SATE      0.714     1.000     0.833        10
        SNEG      0.462     0.600     0.522        10
        TRHE      0.769     1.000     0.870        10
        WHIB      0.667     0.400     0.500        10
       WHIBC      0.769     1.000     0.870        10

    accuracy                          0.786       210
   macro avg      0.800     0.786     0.778       210
weighted avg      0.800     0.786     0.778       210

Validation report macro-F1: 0.778
Validation report mAP (macro, one-vs-rest): 0.852

Test report:
              precision    recall  f1-score   support

        BCNH      0.818     0.900     0.857        10
        BLSK      1.000     1.000     1.000        10
        BRPE      1.000     0.700     0.824        10
       BRPEC      1.000     0.800     0.889        10
        CAEG      0.667     1.000     0.800        10
        GBHE      0.889     0.800     0.842        10
        GREG      0.692     0.900     0.783        10
        LAGU      0.889     0.800     0.842        10
       MEGRT      0.556     0.500     0.526        10
        MTRN      1.000     0.500     0.667        10
      OTHERS      0.833     0.500     0.625        10
        OTHR      0.643     0.900     0.750        10
        REEG      0.889     0.800     0.842        10
      REEGWM      0.643     0.900     0.750        10
        ROSP      0.875     0.700     0.778        10
        ROTE      0.562     0.900     0.692        10
        SATE      0.900     0.900     0.900        10
        SNEG      0.625     0.500     0.556        10
        TRHE      0.769     1.000     0.870        10
        WHIB      0.500     0.200     0.286        10
       WHIBC      0.833     1.000     0.909        10

    accuracy                          0.771       210
   macro avg      0.790     0.771     0.761       210
weighted avg      0.790     0.771     0.761       210

Test report macro-F1: 0.761
Test report mAP (macro, one-vs-rest): 0.873
[info] saved cm_val.png, cm_test.png, val_test_cms.png, *_ap_per_class.json, summary.json
[time] TOTAL script wall time: 0:01:37.069712
