[info] run directory: runs_swin\swin_mpc200_ep20_lr0300_wd0100_as1
[info] model: swin_tiny_patch4_window7_224
[info] epochs: 20, lr: 0.0003, weight_decay: 0.01, accum_steps: 1
[info] saved split_composition.json
ep 01 | train acc 0.592 loss 1.295 | val acc 0.685 loss 0.951 
ep 02 | train acc 0.763 loss 0.700 | val acc 0.780 loss 0.722 
ep 03 | train acc 0.826 loss 0.520 | val acc 0.784 loss 0.631 
ep 04 | train acc 0.846 loss 0.454 | val acc 0.776 loss 0.835 
ep 05 | train acc 0.844 loss 0.456 | val acc 0.850 loss 0.530 
ep 06 | train acc 0.886 loss 0.348 | val acc 0.839 loss 0.554 
ep 07 | train acc 0.886 loss 0.328 | val acc 0.840 loss 0.535 
ep 08 | train acc 0.914 loss 0.235 | val acc 0.844 loss 0.570 
ep 09 | train acc 0.920 loss 0.224 | val acc 0.850 loss 0.526 
ep 10 | train acc 0.930 loss 0.191 | val acc 0.856 loss 0.562 
ep 11 | train acc 0.946 loss 0.144 | val acc 0.863 loss 0.507 
ep 12 | train acc 0.952 loss 0.131 | val acc 0.868 loss 0.535 
ep 13 | train acc 0.962 loss 0.108 | val acc 0.882 loss 0.486 
ep 14 | train acc 0.971 loss 0.081 | val acc 0.875 loss 0.528 
ep 15 | train acc 0.978 loss 0.060 | val acc 0.894 loss 0.492 
ep 16 | train acc 0.977 loss 0.060 | val acc 0.887 loss 0.500 
ep 17 | train acc 0.985 loss 0.044 | val acc 0.885 loss 0.545 
ep 18 | train acc 0.984 loss 0.047 | val acc 0.886 loss 0.541 
ep 19 | train acc 0.983 loss 0.045 | val acc 0.893 loss 0.509 
ep 20 | train acc 0.985 loss 0.045 | val acc 0.894 loss 0.511 
[info] saved curves.png, metrics.csv, run_config.json

Validation report:
              precision    recall  f1-score   support

        BCNH      1.000     0.925     0.961        40
        BLSK      0.951     0.975     0.963        40
        BRPE      0.976     1.000     0.988        40
       BRPEC      0.971     0.868     0.917        38
        CAEG      0.889     1.000     0.941        40
        GBHE      0.930     1.000     0.964        40
        GREG      0.758     0.625     0.685        40
        LAGU      0.950     0.950     0.950        40
       MEGRT      0.821     0.842     0.831        38
        MTRN      0.909     0.750     0.822        40
      OTHERS      0.727     0.889     0.800        18
        OTHR      0.750     0.750     0.750        20
        REEG      0.952     1.000     0.976        40
      REEGWM      0.833     0.862     0.847        29
        ROSP      1.000     0.925     0.961        40
        ROTE      0.795     0.875     0.833        40
        SATE      0.905     0.950     0.927        40
        SNEG      0.542     0.765     0.634        17
        TRHE      0.973     0.900     0.935        40
        WHIB      0.914     0.800     0.853        40
       WHIBC      0.962     1.000     0.980        25

    accuracy                          0.894       745
   macro avg      0.881     0.888     0.882       745
weighted avg      0.899     0.894     0.894       745

Validation report macro-F1: 0.882
Validation report mAP (macro, one-vs-rest): 0.926

Test report:
              precision    recall  f1-score   support

        BCNH      0.974     0.925     0.949        40
        BLSK      1.000     0.975     0.987        40
        BRPE      0.975     0.975     0.975        40
       BRPEC      1.000     0.949     0.974        39
        CAEG      0.950     0.950     0.950        40
        GBHE      0.950     0.950     0.950        40
        GREG      0.714     0.750     0.732        40
        LAGU      0.895     0.850     0.872        40
       MEGRT      0.660     0.775     0.713        40
        MTRN      0.722     0.650     0.684        40
      OTHERS      0.621     0.818     0.706        22
        OTHR      0.852     0.742     0.793        31
        REEG      0.949     0.925     0.937        40
      REEGWM      0.861     0.886     0.873        35
        ROSP      0.974     0.925     0.949        40
        ROTE      0.681     0.800     0.736        40
        SATE      0.900     0.900     0.900        40
        SNEG      0.786     0.957     0.863        23
        TRHE      0.952     1.000     0.976        40
        WHIB      0.920     0.575     0.708        40
       WHIBC      0.833     1.000     0.909        10

    accuracy                          0.866       760
   macro avg      0.865     0.870     0.864       760
weighted avg      0.874     0.866     0.866       760

Test report macro-F1: 0.864
Test report mAP (macro, one-vs-rest): 0.919
[info] saved cm_val.png, cm_test.png, val_test_cms.png, *_ap_per_class.json, summary.json
[time] TOTAL script wall time: 0:04:11.449609
