[info] run directory: runs_swin\swin_mpc500_ep20_lr0100_wd0100_as1
[info] model: swin_tiny_patch4_window7_224
[info] epochs: 20, lr: 0.0001, weight_decay: 0.01, accum_steps: 1
[info] saved split_composition.json
ep 01 | train acc 0.714 loss 0.882 | val acc 0.815 loss 0.571 
ep 02 | train acc 0.854 loss 0.424 | val acc 0.865 loss 0.405 
ep 03 | train acc 0.891 loss 0.315 | val acc 0.895 loss 0.315 
ep 04 | train acc 0.910 loss 0.261 | val acc 0.899 loss 0.322 
ep 05 | train acc 0.926 loss 0.208 | val acc 0.899 loss 0.362 
ep 06 | train acc 0.932 loss 0.187 | val acc 0.893 loss 0.380 
ep 07 | train acc 0.944 loss 0.156 | val acc 0.902 loss 0.326 
ep 08 | train acc 0.954 loss 0.136 | val acc 0.912 loss 0.305 
ep 09 | train acc 0.956 loss 0.123 | val acc 0.899 loss 0.327 
ep 10 | train acc 0.965 loss 0.097 | val acc 0.908 loss 0.325 
ep 11 | train acc 0.968 loss 0.090 | val acc 0.912 loss 0.304 
ep 12 | train acc 0.976 loss 0.071 | val acc 0.916 loss 0.327 
ep 13 | train acc 0.979 loss 0.060 | val acc 0.914 loss 0.315 
ep 14 | train acc 0.980 loss 0.059 | val acc 0.917 loss 0.304 
ep 15 | train acc 0.978 loss 0.056 | val acc 0.924 loss 0.291 
ep 16 | train acc 0.984 loss 0.043 | val acc 0.924 loss 0.276 
ep 17 | train acc 0.986 loss 0.042 | val acc 0.928 loss 0.284 
ep 18 | train acc 0.987 loss 0.036 | val acc 0.930 loss 0.285 
ep 19 | train acc 0.987 loss 0.035 | val acc 0.931 loss 0.283 
ep 20 | train acc 0.988 loss 0.035 | val acc 0.933 loss 0.278 
[info] saved curves.png, metrics.csv, run_config.json

Validation report:
              precision    recall  f1-score   support

        BCNH      0.980     0.970     0.975       100
        BLSK      0.971     1.000     0.985        67
        BRPE      0.990     0.990     0.990       100
       BRPEC      0.971     0.895     0.932        38
        CAEG      0.990     0.990     0.990       100
        GBHE      0.961     0.980     0.970       100
        GREG      0.756     0.756     0.756        45
        LAGU      0.961     0.990     0.975       100
       MEGRT      0.903     0.737     0.812        38
        MTRN      0.840     0.790     0.814       100
      OTHERS      0.783     1.000     0.878        18
        OTHR      1.000     0.800     0.889        20
        REEG      0.980     0.980     0.980       100
      REEGWM      0.906     1.000     0.951        29
        ROSP      0.990     0.980     0.985       100
        ROTE      0.851     0.800     0.825       100
        SATE      0.872     1.000     0.932        75
        SNEG      0.682     0.882     0.769        17
        TRHE      0.960     0.970     0.965       100
        WHIB      0.936     0.880     0.907       100
       WHIBC      0.926     1.000     0.962        25

    accuracy                          0.933      1472
   macro avg      0.915     0.923     0.916      1472
weighted avg      0.934     0.933     0.932      1472

Validation report macro-F1: 0.916
Validation report mAP (macro, one-vs-rest): 0.960

Test report:
              precision    recall  f1-score   support

        BCNH      0.970     0.960     0.965       100
        BLSK      0.990     1.000     0.995       100
        BRPE      0.990     0.960     0.975       100
       BRPEC      0.949     0.949     0.949        39
        CAEG      0.989     0.979     0.984        95
        GBHE      0.951     0.980     0.966       100
        GREG      0.855     0.758     0.803        62
        LAGU      0.961     0.980     0.970       100
       MEGRT      0.674     0.775     0.721        40
        MTRN      0.903     0.840     0.870       100
      OTHERS      0.679     0.864     0.760        22
        OTHR      0.889     0.774     0.828        31
        REEG      0.970     0.960     0.965       100
      REEGWM      0.821     0.914     0.865        35
        ROSP      0.969     0.969     0.969        64
        ROTE      0.876     0.920     0.898       100
        SATE      0.967     1.000     0.983        59
        SNEG      0.733     0.957     0.830        23
        TRHE      0.990     0.970     0.980       100
        WHIB      0.943     0.820     0.877       100
       WHIBC      0.769     1.000     0.870        10

    accuracy                          0.929      1480
   macro avg      0.897     0.920     0.906      1480
weighted avg      0.932     0.929     0.929      1480

Test report macro-F1: 0.906
Test report mAP (macro, one-vs-rest): 0.949
[info] saved cm_val.png, cm_test.png, val_test_cms.png, *_ap_per_class.json, summary.json
[time] TOTAL script wall time: 0:07:21.190587
