[info] run directory: runs_swin\swin_mpc100_ep10_lr0050_wd0100_as1
[info] model: swin_tiny_patch4_window7_224
[info] epochs: 10, lr: 5e-05, weight_decay: 0.01, accum_steps: 1
[info] saved split_composition.json
ep 01 | train acc 0.478 loss 1.852 | val acc 0.692 loss 0.969 
ep 02 | train acc 0.772 loss 0.728 | val acc 0.728 loss 0.827 
ep 03 | train acc 0.844 loss 0.476 | val acc 0.790 loss 0.738 
ep 04 | train acc 0.876 loss 0.399 | val acc 0.819 loss 0.616 
ep 05 | train acc 0.901 loss 0.305 | val acc 0.839 loss 0.609 
ep 06 | train acc 0.927 loss 0.252 | val acc 0.814 loss 0.627 
ep 07 | train acc 0.937 loss 0.200 | val acc 0.836 loss 0.581 
ep 08 | train acc 0.953 loss 0.175 | val acc 0.848 loss 0.584 
ep 09 | train acc 0.957 loss 0.160 | val acc 0.831 loss 0.580 
ep 10 | train acc 0.959 loss 0.157 | val acc 0.839 loss 0.572 
[info] saved curves.png, metrics.csv, run_config.json

Validation report:
              precision    recall  f1-score   support

        BCNH      0.950     0.950     0.950        20
        BLSK      0.909     1.000     0.952        20
        BRPE      1.000     0.950     0.974        20
       BRPEC      1.000     0.950     0.974        20
        CAEG      0.792     0.950     0.864        20
        GBHE      0.864     0.950     0.905        20
        GREG      0.778     0.700     0.737        20
        LAGU      0.792     0.950     0.864        20
       MEGRT      0.824     0.700     0.757        20
        MTRN      0.607     0.850     0.708        20
      OTHERS      0.688     0.611     0.647        18
        OTHR      0.739     0.850     0.791        20
        REEG      0.950     0.950     0.950        20
      REEGWM      0.944     0.850     0.895        20
        ROSP      1.000     0.900     0.947        20
        ROTE      1.000     0.550     0.710        20
        SATE      0.850     0.850     0.850        20
        SNEG      0.579     0.647     0.611        17
        TRHE      0.944     0.850     0.895        20
        WHIB      0.842     0.800     0.821        20
       WHIBC      0.950     0.950     0.950        20

    accuracy                          0.848       415
   macro avg      0.857     0.846     0.845       415
weighted avg      0.860     0.848     0.848       415

Validation report macro-F1: 0.845
Validation report mAP (macro, one-vs-rest): 0.905

Test report:
              precision    recall  f1-score   support

        BCNH      0.947     0.900     0.923        20
        BLSK      1.000     1.000     1.000        20
        BRPE      1.000     1.000     1.000        20
       BRPEC      1.000     0.900     0.947        20
        CAEG      0.760     0.950     0.844        20
        GBHE      0.950     0.950     0.950        20
        GREG      0.684     0.650     0.667        20
        LAGU      0.857     0.900     0.878        20
       MEGRT      0.571     0.600     0.585        20
        MTRN      0.739     0.850     0.791        20
      OTHERS      0.800     0.400     0.533        20
        OTHR      0.708     0.850     0.773        20
        REEG      0.905     0.950     0.927        20
      REEGWM      0.762     0.800     0.780        20
        ROSP      0.941     0.800     0.865        20
        ROTE      0.833     0.750     0.789        20
        SATE      0.895     0.850     0.872        20
        SNEG      0.760     0.950     0.844        20
        TRHE      0.909     1.000     0.952        20
        WHIB      0.692     0.450     0.545        20
       WHIBC      0.714     1.000     0.833        10

    accuracy                          0.829       410
   macro avg      0.830     0.833     0.824       410
weighted avg      0.833     0.829     0.824       410

Test report macro-F1: 0.824
Test report mAP (macro, one-vs-rest): 0.895
[info] saved cm_val.png, cm_test.png, val_test_cms.png, *_ap_per_class.json, summary.json
[time] TOTAL script wall time: 0:01:59.609167
