[info] run directory: runs_swin\swin_mpc200_ep10_lr0300_wd0100_as1
[info] model: swin_tiny_patch4_window7_224
[info] epochs: 10, lr: 0.0003, weight_decay: 0.01, accum_steps: 1
[info] saved split_composition.json
ep 01 | train acc 0.585 loss 1.279 | val acc 0.689 loss 0.857 
ep 02 | train acc 0.759 loss 0.690 | val acc 0.809 loss 0.648 
ep 03 | train acc 0.806 loss 0.562 | val acc 0.799 loss 0.662 
ep 04 | train acc 0.852 loss 0.445 | val acc 0.851 loss 0.525 
ep 05 | train acc 0.879 loss 0.339 | val acc 0.839 loss 0.591 
ep 06 | train acc 0.908 loss 0.250 | val acc 0.840 loss 0.528 
ep 07 | train acc 0.928 loss 0.187 | val acc 0.855 loss 0.519 
ep 08 | train acc 0.954 loss 0.130 | val acc 0.871 loss 0.510 
ep 09 | train acc 0.959 loss 0.119 | val acc 0.877 loss 0.502 
ep 10 | train acc 0.964 loss 0.102 | val acc 0.878 loss 0.486 
[info] saved curves.png, metrics.csv, run_config.json

Validation report:
              precision    recall  f1-score   support

        BCNH      0.950     0.950     0.950        40
        BLSK      0.951     0.975     0.963        40
        BRPE      1.000     0.975     0.987        40
       BRPEC      0.972     0.921     0.946        38
        CAEG      0.909     1.000     0.952        40
        GBHE      0.867     0.975     0.918        40
        GREG      0.774     0.600     0.676        40
        LAGU      0.950     0.950     0.950        40
       MEGRT      0.824     0.737     0.778        38
        MTRN      0.821     0.575     0.676        40
      OTHERS      0.700     0.778     0.737        18
        OTHR      0.708     0.850     0.773        20
        REEG      0.975     0.975     0.975        40
      REEGWM      0.844     0.931     0.885        29
        ROSP      1.000     0.950     0.974        40
        ROTE      0.732     0.750     0.741        40
        SATE      0.750     0.975     0.848        40
        SNEG      0.636     0.824     0.718        17
        TRHE      0.973     0.900     0.935        40
        WHIB      0.914     0.800     0.853        40
       WHIBC      0.962     1.000     0.980        25

    accuracy                          0.878       745
   macro avg      0.867     0.876     0.867       745
weighted avg      0.882     0.878     0.876       745

Validation report macro-F1: 0.867
Validation report mAP (macro, one-vs-rest): 0.917

Test report:
              precision    recall  f1-score   support

        BCNH      0.927     0.950     0.938        40
        BLSK      1.000     1.000     1.000        40
        BRPE      0.950     0.950     0.950        40
       BRPEC      1.000     0.923     0.960        39
        CAEG      0.929     0.975     0.951        40
        GBHE      0.947     0.900     0.923        40
        GREG      0.903     0.700     0.789        40
        LAGU      0.902     0.925     0.914        40
       MEGRT      0.696     0.800     0.744        40
        MTRN      0.900     0.675     0.771        40
      OTHERS      0.594     0.864     0.704        22
        OTHR      0.900     0.871     0.885        31
        REEG      0.949     0.925     0.937        40
      REEGWM      0.886     0.886     0.886        35
        ROSP      0.973     0.900     0.935        40
        ROTE      0.708     0.850     0.773        40
        SATE      0.902     0.925     0.914        40
        SNEG      0.667     0.957     0.786        23
        TRHE      0.975     0.975     0.975        40
        WHIB      0.733     0.550     0.629        40
       WHIBC      1.000     1.000     1.000        10

    accuracy                          0.875       760
   macro avg      0.878     0.881     0.874       760
weighted avg      0.884     0.875     0.875       760

Test report macro-F1: 0.874
Test report mAP (macro, one-vs-rest): 0.922
[info] saved cm_val.png, cm_test.png, val_test_cms.png, *_ap_per_class.json, summary.json
[time] TOTAL script wall time: 0:02:42.217450
