[info] run directory: runs_swin\swin_mpc50_ep20_lr0300_wd0300_as1
[info] model: swin_tiny_patch4_window7_224
[info] epochs: 20, lr: 0.0003, weight_decay: 0.03, accum_steps: 1
[info] saved split_composition.json
ep 01 | train acc 0.358 loss 2.060 | val acc 0.533 loss 1.552 
ep 02 | train acc 0.607 loss 1.163 | val acc 0.643 loss 1.346 
ep 03 | train acc 0.703 loss 0.923 | val acc 0.676 loss 1.068 
ep 04 | train acc 0.732 loss 0.774 | val acc 0.657 loss 1.093 
ep 05 | train acc 0.804 loss 0.588 | val acc 0.681 loss 1.017 
ep 06 | train acc 0.839 loss 0.464 | val acc 0.705 loss 0.978 
ep 07 | train acc 0.859 loss 0.426 | val acc 0.710 loss 1.047 
ep 08 | train acc 0.867 loss 0.367 | val acc 0.762 loss 0.859 
ep 09 | train acc 0.903 loss 0.262 | val acc 0.705 loss 1.078 
ep 10 | train acc 0.926 loss 0.224 | val acc 0.748 loss 0.897 
ep 11 | train acc 0.959 loss 0.122 | val acc 0.829 loss 0.848 
ep 12 | train acc 0.959 loss 0.109 | val acc 0.767 loss 1.090 
ep 13 | train acc 0.973 loss 0.083 | val acc 0.805 loss 0.889 
ep 14 | train acc 0.970 loss 0.094 | val acc 0.800 loss 0.921 
ep 15 | train acc 0.981 loss 0.067 | val acc 0.819 loss 0.881 
ep 16 | train acc 0.985 loss 0.045 | val acc 0.805 loss 0.954 
ep 17 | train acc 0.990 loss 0.040 | val acc 0.824 loss 0.994 
ep 18 | train acc 0.995 loss 0.030 | val acc 0.805 loss 0.988 
ep 19 | train acc 0.992 loss 0.030 | val acc 0.800 loss 0.980 
ep 20 | train acc 0.992 loss 0.033 | val acc 0.800 loss 0.972 
[info] saved curves.png, metrics.csv, run_config.json

Validation report:
              precision    recall  f1-score   support

        BCNH      1.000     0.900     0.947        10
        BLSK      1.000     1.000     1.000        10
        BRPE      1.000     0.800     0.889        10
       BRPEC      1.000     0.800     0.889        10
        CAEG      0.909     1.000     0.952        10
        GBHE      0.714     1.000     0.833        10
        GREG      0.556     0.500     0.526        10
        LAGU      0.714     1.000     0.833        10
       MEGRT      0.556     0.500     0.526        10
        MTRN      0.750     0.600     0.667        10
      OTHERS      0.875     0.700     0.778        10
        OTHR      0.909     1.000     0.952        10
        REEG      0.909     1.000     0.952        10
      REEGWM      0.900     0.900     0.900        10
        ROSP      1.000     0.900     0.947        10
        ROTE      0.750     0.600     0.667        10
        SATE      0.727     0.800     0.762        10
        SNEG      0.600     0.600     0.600        10
        TRHE      0.818     0.900     0.857        10
        WHIB      0.900     0.900     0.900        10
       WHIBC      0.909     1.000     0.952        10

    accuracy                          0.829       210
   macro avg      0.833     0.829     0.825       210
weighted avg      0.833     0.829     0.825       210

Validation report macro-F1: 0.825
Validation report mAP (macro, one-vs-rest): 0.866

Test report:
              precision    recall  f1-score   support

        BCNH      0.818     0.900     0.857        10
        BLSK      0.909     1.000     0.952        10
        BRPE      0.875     0.700     0.778        10
       BRPEC      1.000     0.800     0.889        10
        CAEG      0.909     1.000     0.952        10
        GBHE      0.900     0.900     0.900        10
        GREG      0.692     0.900     0.783        10
        LAGU      0.875     0.700     0.778        10
       MEGRT      0.714     0.500     0.588        10
        MTRN      1.000     0.700     0.824        10
      OTHERS      0.462     0.600     0.522        10
        OTHR      0.727     0.800     0.762        10
        REEG      0.818     0.900     0.857        10
      REEGWM      0.643     0.900     0.750        10
        ROSP      1.000     0.800     0.889        10
        ROTE      0.769     1.000     0.870        10
        SATE      1.000     1.000     1.000        10
        SNEG      1.000     0.600     0.750        10
        TRHE      0.900     0.900     0.900        10
        WHIB      0.667     0.600     0.632        10
       WHIBC      0.909     1.000     0.952        10

    accuracy                          0.819       210
   macro avg      0.838     0.819     0.818       210
weighted avg      0.838     0.819     0.818       210

Test report macro-F1: 0.818
Test report mAP (macro, one-vs-rest): 0.880
[info] saved cm_val.png, cm_test.png, val_test_cms.png, *_ap_per_class.json, summary.json
[time] TOTAL script wall time: 0:02:02.740480
