[info] run directory: runs_swin\swin_mpc100_ep10_lr0050_wd0300_as1
[info] model: swin_tiny_patch4_window7_224
[info] epochs: 10, lr: 5e-05, weight_decay: 0.03, accum_steps: 1
[info] saved split_composition.json
ep 01 | train acc 0.437 loss 1.976 | val acc 0.675 loss 1.036 
ep 02 | train acc 0.786 loss 0.730 | val acc 0.754 loss 0.806 
ep 03 | train acc 0.849 loss 0.501 | val acc 0.788 loss 0.680 
ep 04 | train acc 0.871 loss 0.410 | val acc 0.834 loss 0.607 
ep 05 | train acc 0.904 loss 0.320 | val acc 0.834 loss 0.615 
ep 06 | train acc 0.932 loss 0.241 | val acc 0.829 loss 0.568 
ep 07 | train acc 0.939 loss 0.201 | val acc 0.841 loss 0.543 
ep 08 | train acc 0.956 loss 0.166 | val acc 0.846 loss 0.561 
ep 09 | train acc 0.953 loss 0.172 | val acc 0.846 loss 0.548 
ep 10 | train acc 0.960 loss 0.151 | val acc 0.843 loss 0.545 
[info] saved curves.png, metrics.csv, run_config.json

Validation report:
              precision    recall  f1-score   support

        BCNH      0.950     0.950     0.950        20
        BLSK      0.909     1.000     0.952        20
        BRPE      0.947     0.900     0.923        20
       BRPEC      0.952     1.000     0.976        20
        CAEG      0.833     1.000     0.909        20
        GBHE      0.864     0.950     0.905        20
        GREG      0.833     0.750     0.789        20
        LAGU      0.864     0.950     0.905        20
       MEGRT      0.929     0.650     0.765        20
        MTRN      0.630     0.850     0.723        20
      OTHERS      0.714     0.556     0.625        18
        OTHR      0.593     0.800     0.681        20
        REEG      0.950     0.950     0.950        20
      REEGWM      0.941     0.800     0.865        20
        ROSP      1.000     0.900     0.947        20
        ROTE      0.917     0.550     0.688        20
        SATE      0.762     0.800     0.780        20
        SNEG      0.733     0.647     0.688        17
        TRHE      0.944     0.850     0.895        20
        WHIB      0.773     0.850     0.810        20
       WHIBC      0.909     1.000     0.952        20

    accuracy                          0.846       415
   macro avg      0.855     0.843     0.842       415
weighted avg      0.856     0.846     0.844       415

Validation report macro-F1: 0.842
Validation report mAP (macro, one-vs-rest): 0.910

Test report:
              precision    recall  f1-score   support

        BCNH      0.947     0.900     0.923        20
        BLSK      1.000     1.000     1.000        20
        BRPE      1.000     1.000     1.000        20
       BRPEC      1.000     0.950     0.974        20
        CAEG      0.760     0.950     0.844        20
        GBHE      0.864     0.950     0.905        20
        GREG      0.714     0.750     0.732        20
        LAGU      0.857     0.900     0.878        20
       MEGRT      0.722     0.650     0.684        20
        MTRN      0.773     0.850     0.810        20
      OTHERS      0.750     0.600     0.667        20
        OTHR      0.630     0.850     0.723        20
        REEG      0.905     0.950     0.927        20
      REEGWM      0.882     0.750     0.811        20
        ROSP      1.000     0.850     0.919        20
        ROTE      0.889     0.800     0.842        20
        SATE      0.900     0.900     0.900        20
        SNEG      0.850     0.850     0.850        20
        TRHE      0.909     1.000     0.952        20
        WHIB      0.800     0.600     0.686        20
       WHIBC      1.000     1.000     1.000        10

    accuracy                          0.856       410
   macro avg      0.864     0.860     0.858       410
weighted avg      0.861     0.856     0.855       410

Test report macro-F1: 0.858
Test report mAP (macro, one-vs-rest): 0.905
[info] saved cm_val.png, cm_test.png, val_test_cms.png, *_ap_per_class.json, summary.json
[time] TOTAL script wall time: 0:01:59.608100
