[info] run directory: runs_swin\swin_mpc50_ep10_lr0300_wd0100_as1
[info] model: swin_tiny_patch4_window7_224
[info] epochs: 10, lr: 0.0003, weight_decay: 0.01, accum_steps: 1
[info] saved split_composition.json
ep 01 | train acc 0.378 loss 1.971 | val acc 0.495 loss 1.592 
ep 02 | train acc 0.655 loss 1.039 | val acc 0.657 loss 1.008 
ep 03 | train acc 0.770 loss 0.710 | val acc 0.690 loss 0.941 
ep 04 | train acc 0.830 loss 0.547 | val acc 0.681 loss 1.365 
ep 05 | train acc 0.825 loss 0.489 | val acc 0.752 loss 0.754 
ep 06 | train acc 0.901 loss 0.280 | val acc 0.790 loss 0.744 
ep 07 | train acc 0.925 loss 0.233 | val acc 0.776 loss 0.714 
ep 08 | train acc 0.946 loss 0.168 | val acc 0.814 loss 0.653 
ep 09 | train acc 0.966 loss 0.109 | val acc 0.838 loss 0.599 
ep 10 | train acc 0.970 loss 0.119 | val acc 0.819 loss 0.617 
[info] saved curves.png, metrics.csv, run_config.json

Validation report:
              precision    recall  f1-score   support

        BCNH      1.000     0.900     0.947        10
        BLSK      1.000     1.000     1.000        10
        BRPE      1.000     1.000     1.000        10
       BRPEC      0.889     0.800     0.842        10
        CAEG      0.909     1.000     0.952        10
        GBHE      0.909     1.000     0.952        10
        GREG      0.667     0.600     0.632        10
        LAGU      1.000     1.000     1.000        10
       MEGRT      0.778     0.700     0.737        10
        MTRN      0.500     0.300     0.375        10
      OTHERS      0.643     0.900     0.750        10
        OTHR      0.875     0.700     0.778        10
        REEG      0.909     1.000     0.952        10
      REEGWM      1.000     1.000     1.000        10
        ROSP      1.000     0.900     0.947        10
        ROTE      0.714     0.500     0.588        10
        SATE      0.625     1.000     0.769        10
        SNEG      0.583     0.700     0.636        10
        TRHE      0.909     1.000     0.952        10
        WHIB      0.857     0.600     0.706        10
       WHIBC      0.909     1.000     0.952        10

    accuracy                          0.838       210
   macro avg      0.842     0.838     0.832       210
weighted avg      0.842     0.838     0.832       210

Validation report macro-F1: 0.832
Validation report mAP (macro, one-vs-rest): 0.882

Test report:
              precision    recall  f1-score   support

        BCNH      0.818     0.900     0.857        10
        BLSK      0.909     1.000     0.952        10
        BRPE      1.000     0.900     0.947        10
       BRPEC      1.000     0.900     0.947        10
        CAEG      0.833     1.000     0.909        10
        GBHE      1.000     0.700     0.824        10
        GREG      0.692     0.900     0.783        10
        LAGU      0.900     0.900     0.900        10
       MEGRT      0.750     0.600     0.667        10
        MTRN      1.000     0.300     0.462        10
      OTHERS      0.417     0.500     0.455        10
        OTHR      0.778     0.700     0.737        10
        REEG      0.818     0.900     0.857        10
      REEGWM      0.692     0.900     0.783        10
        ROSP      1.000     0.700     0.824        10
        ROTE      0.533     0.800     0.640        10
        SATE      0.692     0.900     0.783        10
        SNEG      0.875     0.700     0.778        10
        TRHE      0.909     1.000     0.952        10
        WHIB      0.857     0.600     0.706        10
       WHIBC      0.909     1.000     0.952        10

    accuracy                          0.800       210
   macro avg      0.828     0.800     0.796       210
weighted avg      0.828     0.800     0.796       210

Test report macro-F1: 0.796
Test report mAP (macro, one-vs-rest): 0.895
[info] saved cm_val.png, cm_test.png, val_test_cms.png, *_ap_per_class.json, summary.json
[time] TOTAL script wall time: 0:01:39.249480
