[info] run directory: runs_swin\swin_mpc100_ep10_lr0300_wd0100_as1
[info] model: swin_tiny_patch4_window7_224
[info] epochs: 10, lr: 0.0003, weight_decay: 0.01, accum_steps: 1
[info] saved split_composition.json
ep 01 | train acc 0.497 loss 1.636 | val acc 0.675 loss 1.002 
ep 02 | train acc 0.717 loss 0.814 | val acc 0.699 loss 1.042 
ep 03 | train acc 0.783 loss 0.639 | val acc 0.752 loss 0.820 
ep 04 | train acc 0.839 loss 0.486 | val acc 0.827 loss 0.637 
ep 05 | train acc 0.876 loss 0.369 | val acc 0.851 loss 0.622 
ep 06 | train acc 0.914 loss 0.264 | val acc 0.846 loss 0.642 
ep 07 | train acc 0.931 loss 0.211 | val acc 0.848 loss 0.572 
ep 08 | train acc 0.951 loss 0.142 | val acc 0.836 loss 0.561 
ep 09 | train acc 0.966 loss 0.110 | val acc 0.839 loss 0.578 
ep 10 | train acc 0.974 loss 0.079 | val acc 0.851 loss 0.549 
[info] saved curves.png, metrics.csv, run_config.json

Validation report:
              precision    recall  f1-score   support

        BCNH      1.000     0.900     0.947        20
        BLSK      0.909     1.000     0.952        20
        BRPE      1.000     0.900     0.947        20
       BRPEC      1.000     0.950     0.974        20
        CAEG      0.944     0.850     0.895        20
        GBHE      0.900     0.900     0.900        20
        GREG      0.667     0.600     0.632        20
        LAGU      0.947     0.900     0.923        20
       MEGRT      0.765     0.650     0.703        20
        MTRN      0.737     0.700     0.718        20
      OTHERS      0.812     0.722     0.765        18
        OTHR      0.941     0.800     0.865        20
        REEG      0.950     0.950     0.950        20
      REEGWM      0.679     0.950     0.792        20
        ROSP      1.000     0.900     0.947        20
        ROTE      0.731     0.950     0.826        20
        SATE      1.000     0.700     0.824        20
        SNEG      0.706     0.706     0.706        17
        TRHE      0.792     0.950     0.864        20
        WHIB      0.708     0.850     0.773        20
       WHIBC      0.870     1.000     0.930        20

    accuracy                          0.851       415
   macro avg      0.860     0.849     0.849       415
weighted avg      0.861     0.851     0.851       415

Validation report macro-F1: 0.849
Validation report mAP (macro, one-vs-rest): 0.896

Test report:
              precision    recall  f1-score   support

        BCNH      1.000     0.800     0.889        20
        BLSK      1.000     1.000     1.000        20
        BRPE      1.000     0.900     0.947        20
       BRPEC      1.000     0.900     0.947        20
        CAEG      0.818     0.900     0.857        20
        GBHE      0.850     0.850     0.850        20
        GREG      0.846     0.550     0.667        20
        LAGU      0.810     0.850     0.829        20
       MEGRT      0.524     0.550     0.537        20
        MTRN      0.706     0.600     0.649        20
      OTHERS      0.333     0.250     0.286        20
        OTHR      0.688     0.550     0.611        20
        REEG      0.909     1.000     0.952        20
      REEGWM      0.621     0.900     0.735        20
        ROSP      0.941     0.800     0.865        20
        ROTE      0.714     1.000     0.833        20
        SATE      1.000     0.700     0.824        20
        SNEG      0.667     0.700     0.683        20
        TRHE      0.741     1.000     0.851        20
        WHIB      0.619     0.650     0.634        20
       WHIBC      0.714     1.000     0.833        10

    accuracy                          0.778       410
   macro avg      0.786     0.783     0.775       410
weighted avg      0.787     0.778     0.774       410

Test report macro-F1: 0.775
Test report mAP (macro, one-vs-rest): 0.851
[info] saved cm_val.png, cm_test.png, val_test_cms.png, *_ap_per_class.json, summary.json
[time] TOTAL script wall time: 0:01:59.936754
