[info] run directory: runs_swin\swin_mpc100_ep20_lr0100_wd0100_as1
[info] model: swin_tiny_patch4_window7_224
[info] epochs: 20, lr: 0.0001, weight_decay: 0.01, accum_steps: 1
[info] saved split_composition.json
ep 01 | train acc 0.514 loss 1.656 | val acc 0.689 loss 1.009 
ep 02 | train acc 0.790 loss 0.651 | val acc 0.757 loss 0.785 
ep 03 | train acc 0.836 loss 0.496 | val acc 0.788 loss 0.663 
ep 04 | train acc 0.890 loss 0.360 | val acc 0.802 loss 0.637 
ep 05 | train acc 0.906 loss 0.274 | val acc 0.814 loss 0.590 
ep 06 | train acc 0.921 loss 0.237 | val acc 0.822 loss 0.634 
ep 07 | train acc 0.936 loss 0.190 | val acc 0.831 loss 0.589 
ep 08 | train acc 0.942 loss 0.167 | val acc 0.834 loss 0.604 
ep 09 | train acc 0.948 loss 0.152 | val acc 0.827 loss 0.653 
ep 10 | train acc 0.959 loss 0.126 | val acc 0.834 loss 0.621 
ep 11 | train acc 0.966 loss 0.102 | val acc 0.841 loss 0.630 
ep 12 | train acc 0.974 loss 0.090 | val acc 0.843 loss 0.601 
ep 13 | train acc 0.976 loss 0.068 | val acc 0.858 loss 0.598 
ep 14 | train acc 0.984 loss 0.061 | val acc 0.853 loss 0.615 
ep 15 | train acc 0.989 loss 0.049 | val acc 0.855 loss 0.606 
ep 16 | train acc 0.989 loss 0.043 | val acc 0.853 loss 0.611 
ep 17 | train acc 0.994 loss 0.038 | val acc 0.851 loss 0.613 
ep 18 | train acc 0.991 loss 0.035 | val acc 0.855 loss 0.621 
ep 19 | train acc 0.991 loss 0.036 | val acc 0.855 loss 0.620 
ep 20 | train acc 0.992 loss 0.038 | val acc 0.858 loss 0.617 
[info] saved curves.png, metrics.csv, run_config.json

Validation report:
              precision    recall  f1-score   support

        BCNH      0.950     0.950     0.950        20
        BLSK      0.870     1.000     0.930        20
        BRPE      1.000     0.950     0.974        20
       BRPEC      1.000     0.950     0.974        20
        CAEG      0.792     0.950     0.864        20
        GBHE      0.905     0.950     0.927        20
        GREG      0.765     0.650     0.703        20
        LAGU      0.870     1.000     0.930        20
       MEGRT      0.750     0.600     0.667        20
        MTRN      0.722     0.650     0.684        20
      OTHERS      0.786     0.611     0.688        18
        OTHR      0.783     0.900     0.837        20
        REEG      0.952     1.000     0.976        20
      REEGWM      0.944     0.850     0.895        20
        ROSP      1.000     0.900     0.947        20
        ROTE      0.727     0.800     0.762        20
        SATE      0.900     0.900     0.900        20
        SNEG      0.545     0.706     0.615        17
        TRHE      0.944     0.850     0.895        20
        WHIB      0.889     0.800     0.842        20
       WHIBC      0.952     1.000     0.976        20

    accuracy                          0.858       415
   macro avg      0.859     0.856     0.854       415
weighted avg      0.862     0.858     0.857       415

Validation report macro-F1: 0.854
Validation report mAP (macro, one-vs-rest): 0.903

Test report:
              precision    recall  f1-score   support

        BCNH      0.905     0.950     0.927        20
        BLSK      0.952     1.000     0.976        20
        BRPE      1.000     1.000     1.000        20
       BRPEC      1.000     0.950     0.974        20
        CAEG      0.826     0.950     0.884        20
        GBHE      0.900     0.900     0.900        20
        GREG      0.762     0.800     0.780        20
        LAGU      0.895     0.850     0.872        20
       MEGRT      0.812     0.650     0.722        20
        MTRN      0.733     0.550     0.629        20
      OTHERS      0.857     0.600     0.706        20
        OTHR      0.708     0.850     0.773        20
        REEG      0.900     0.900     0.900        20
      REEGWM      0.800     0.800     0.800        20
        ROSP      0.857     0.900     0.878        20
        ROTE      0.654     0.850     0.739        20
        SATE      1.000     0.900     0.947        20
        SNEG      0.783     0.900     0.837        20
        TRHE      0.870     1.000     0.930        20
        WHIB      0.688     0.550     0.611        20
       WHIBC      1.000     1.000     1.000        10

    accuracy                          0.846       410
   macro avg      0.852     0.850     0.847       410
weighted avg      0.849     0.846     0.843       410

Test report macro-F1: 0.847
Test report mAP (macro, one-vs-rest): 0.909
[info] saved cm_val.png, cm_test.png, val_test_cms.png, *_ap_per_class.json, summary.json
[time] TOTAL script wall time: 0:02:48.038480
